
*** Running vivado
    with args -log system_wrapper.vds -m64 -product Vivado -mode batch -messageDb vivado.pb -notrace -source system_wrapper.tcl


****** Vivado v2017.4 (64-bit)
  **** SW Build 2086221 on Fri Dec 15 20:54:30 MST 2017
  **** IP Build 2085800 on Fri Dec 15 22:25:07 MST 2017
    ** Copyright 1986-2017 Xilinx, Inc. All Rights Reserved.

source system_wrapper.tcl -notrace
INFO: [IP_Flow 19-234] Refreshing IP repositories
INFO: [IP_Flow 19-1704] No user IP repositories specified
INFO: [IP_Flow 19-2313] Loaded Vivado IP repository '/opt/Xilinx/Vivado/2017.4/data/ip'.
add_files: Time (s): cpu = 00:00:06 ; elapsed = 00:00:12 . Memory (MB): peak = 1161.660 ; gain = 0.000 ; free physical = 370 ; free virtual = 2241
Command: synth_design -top system_wrapper -part xc7z020clg484-1
Starting synth_design
Attempting to get a license for feature 'Synthesis' and/or device 'xc7z020'
INFO: [Common 17-349] Got license for feature 'Synthesis' and/or device 'xc7z020'
INFO: Launching helper process for spawning children vivado processes
INFO: Helper process launched with PID 21543 
---------------------------------------------------------------------------------
Starting RTL Elaboration : Time (s): cpu = 00:00:23 ; elapsed = 00:00:28 . Memory (MB): peak = 1273.484 ; gain = 86.992 ; free physical = 242 ; free virtual = 2124
---------------------------------------------------------------------------------
INFO: [Synth 8-638] synthesizing module 'system_wrapper' [/home/ldis/ES/task_1/task_1.srcs/sources_1/bd/system/hdl/system_wrapper.vhd:20]
INFO: [Synth 8-3491] module 'system' declared at '/home/ldis/ES/task_1/task_1.srcs/sources_1/bd/system/synth/system.vhd:579' bound to instance 'system_i' of component 'system' [/home/ldis/ES/task_1/task_1.srcs/sources_1/bd/system/hdl/system_wrapper.vhd:27]
INFO: [Synth 8-638] synthesizing module 'system' [/home/ldis/ES/task_1/task_1.srcs/sources_1/bd/system/synth/system.vhd:589]
INFO: [Synth 8-3491] module 'system_axi_gpio_0_0' declared at '/home/ldis/ES/task_1/task_1.runs/synth_1/.Xil/Vivado-21521-ldis/realtime/system_axi_gpio_0_0_stub.vhdl:5' bound to instance 'axi_gpio_0' of component 'system_axi_gpio_0_0' [/home/ldis/ES/task_1/task_1.srcs/sources_1/bd/system/synth/system.vhd:782]
INFO: [Synth 8-638] synthesizing module 'system_axi_gpio_0_0' [/home/ldis/ES/task_1/task_1.runs/synth_1/.Xil/Vivado-21521-ldis/realtime/system_axi_gpio_0_0_stub.vhdl:31]
INFO: [Synth 8-3491] module 'system_processing_system7_0_0' declared at '/home/ldis/ES/task_1/task_1.runs/synth_1/.Xil/Vivado-21521-ldis/realtime/system_processing_system7_0_0_stub.vhdl:5' bound to instance 'processing_system7_0' of component 'system_processing_system7_0_0' [/home/ldis/ES/task_1/task_1.srcs/sources_1/bd/system/synth/system.vhd:805]
INFO: [Synth 8-638] synthesizing module 'system_processing_system7_0_0' [/home/ldis/ES/task_1/task_1.runs/synth_1/.Xil/Vivado-21521-ldis/realtime/system_processing_system7_0_0_stub.vhdl:73]
INFO: [Synth 8-638] synthesizing module 'system_ps7_0_axi_periph_0' [/home/ldis/ES/task_1/task_1.srcs/sources_1/bd/system/synth/system.vhd:392]
INFO: [Synth 8-638] synthesizing module 's00_couplers_imp_11SE3QO' [/home/ldis/ES/task_1/task_1.srcs/sources_1/bd/system/synth/system.vhd:78]
INFO: [Synth 8-3491] module 'system_auto_pc_0' declared at '/home/ldis/ES/task_1/task_1.runs/synth_1/.Xil/Vivado-21521-ldis/realtime/system_auto_pc_0_stub.vhdl:5' bound to instance 'auto_pc' of component 'system_auto_pc_0' [/home/ldis/ES/task_1/task_1.srcs/sources_1/bd/system/synth/system.vhd:259]
INFO: [Synth 8-638] synthesizing module 'system_auto_pc_0' [/home/ldis/ES/task_1/task_1.runs/synth_1/.Xil/Vivado-21521-ldis/realtime/system_auto_pc_0_stub.vhdl:70]
INFO: [Synth 8-256] done synthesizing module 's00_couplers_imp_11SE3QO' (1#1) [/home/ldis/ES/task_1/task_1.srcs/sources_1/bd/system/synth/system.vhd:78]
INFO: [Synth 8-256] done synthesizing module 'system_ps7_0_axi_periph_0' (2#1) [/home/ldis/ES/task_1/task_1.srcs/sources_1/bd/system/synth/system.vhd:392]
INFO: [Synth 8-3491] module 'system_rst_ps7_0_50M_0' declared at '/home/ldis/ES/task_1/task_1.runs/synth_1/.Xil/Vivado-21521-ldis/realtime/system_rst_ps7_0_50M_0_stub.vhdl:5' bound to instance 'rst_ps7_0_50M' of component 'system_rst_ps7_0_50M_0' [/home/ldis/ES/task_1/task_1.srcs/sources_1/bd/system/synth/system.vhd:934]
INFO: [Synth 8-638] synthesizing module 'system_rst_ps7_0_50M_0' [/home/ldis/ES/task_1/task_1.runs/synth_1/.Xil/Vivado-21521-ldis/realtime/system_rst_ps7_0_50M_0_stub.vhdl:21]
INFO: [Synth 8-256] done synthesizing module 'system' (3#1) [/home/ldis/ES/task_1/task_1.srcs/sources_1/bd/system/synth/system.vhd:589]
INFO: [Synth 8-256] done synthesizing module 'system_wrapper' (4#1) [/home/ldis/ES/task_1/task_1.srcs/sources_1/bd/system/hdl/system_wrapper.vhd:20]
WARNING: [Synth 8-3331] design s00_couplers_imp_11SE3QO has unconnected port M_ACLK
WARNING: [Synth 8-3331] design s00_couplers_imp_11SE3QO has unconnected port M_ARESETN
WARNING: [Synth 8-3331] design system_ps7_0_axi_periph_0 has unconnected port ACLK
WARNING: [Synth 8-3331] design system_ps7_0_axi_periph_0 has unconnected port ARESETN
---------------------------------------------------------------------------------
Finished RTL Elaboration : Time (s): cpu = 00:00:25 ; elapsed = 00:00:32 . Memory (MB): peak = 1315.016 ; gain = 128.523 ; free physical = 254 ; free virtual = 2137
---------------------------------------------------------------------------------

Report Check Netlist: 
+------+------------------+-------+---------+-------+------------------+
|      |Item              |Errors |Warnings |Status |Description       |
+------+------------------+-------+---------+-------+------------------+
|1     |multi_driven_nets |      0|        0|Passed |Multi driven nets |
+------+------------------+-------+---------+-------+------------------+
---------------------------------------------------------------------------------
Finished RTL Optimization Phase 1 : Time (s): cpu = 00:00:26 ; elapsed = 00:00:33 . Memory (MB): peak = 1315.016 ; gain = 128.523 ; free physical = 254 ; free virtual = 2137
---------------------------------------------------------------------------------
INFO: [Device 21-403] Loading part xc7z020clg484-1
INFO: [Project 1-570] Preparing netlist for logic optimization

Processing XDC Constraints
Initializing timing engine
Parsing XDC File [/home/ldis/ES/task_1/task_1.runs/synth_1/.Xil/Vivado-21521-ldis/dcp4/system_processing_system7_0_0_in_context.xdc] for cell 'system_i/processing_system7_0'
Finished Parsing XDC File [/home/ldis/ES/task_1/task_1.runs/synth_1/.Xil/Vivado-21521-ldis/dcp4/system_processing_system7_0_0_in_context.xdc] for cell 'system_i/processing_system7_0'
Parsing XDC File [/home/ldis/ES/task_1/task_1.runs/synth_1/.Xil/Vivado-21521-ldis/dcp5/system_axi_gpio_0_0_in_context.xdc] for cell 'system_i/axi_gpio_0'
Finished Parsing XDC File [/home/ldis/ES/task_1/task_1.runs/synth_1/.Xil/Vivado-21521-ldis/dcp5/system_axi_gpio_0_0_in_context.xdc] for cell 'system_i/axi_gpio_0'
Parsing XDC File [/home/ldis/ES/task_1/task_1.runs/synth_1/.Xil/Vivado-21521-ldis/dcp6/system_rst_ps7_0_50M_0_in_context.xdc] for cell 'system_i/rst_ps7_0_50M'
Finished Parsing XDC File [/home/ldis/ES/task_1/task_1.runs/synth_1/.Xil/Vivado-21521-ldis/dcp6/system_rst_ps7_0_50M_0_in_context.xdc] for cell 'system_i/rst_ps7_0_50M'
Parsing XDC File [/home/ldis/ES/task_1/task_1.runs/synth_1/.Xil/Vivado-21521-ldis/dcp7/system_auto_pc_0_in_context.xdc] for cell 'system_i/ps7_0_axi_periph/s00_couplers/auto_pc'
Finished Parsing XDC File [/home/ldis/ES/task_1/task_1.runs/synth_1/.Xil/Vivado-21521-ldis/dcp7/system_auto_pc_0_in_context.xdc] for cell 'system_i/ps7_0_axi_periph/s00_couplers/auto_pc'
Parsing XDC File [/home/ldis/ES/task_1/task_1.runs/synth_1/dont_touch.xdc]
Finished Parsing XDC File [/home/ldis/ES/task_1/task_1.runs/synth_1/dont_touch.xdc]
Completed Processing XDC Constraints

INFO: [Project 1-111] Unisim Transformation Summary:
No Unisim elements were transformed.

Constraint Validation Runtime : Time (s): cpu = 00:00:00.01 ; elapsed = 00:00:00.03 . Memory (MB): peak = 1575.000 ; gain = 0.000 ; free physical = 65 ; free virtual = 1868
---------------------------------------------------------------------------------
Finished Constraint Validation : Time (s): cpu = 00:01:18 ; elapsed = 00:02:15 . Memory (MB): peak = 1575.000 ; gain = 388.508 ; free physical = 143 ; free virtual = 1946
---------------------------------------------------------------------------------
---------------------------------------------------------------------------------
Start Loading Part and Timing Information
---------------------------------------------------------------------------------
Loading part: xc7z020clg484-1
---------------------------------------------------------------------------------
Finished Loading Part and Timing Information : Time (s): cpu = 00:01:18 ; elapsed = 00:02:15 . Memory (MB): peak = 1575.000 ; gain = 388.508 ; free physical = 143 ; free virtual = 1946
---------------------------------------------------------------------------------
---------------------------------------------------------------------------------
Start Applying 'set_property' XDC Constraints
---------------------------------------------------------------------------------
Applied set_property DONT_TOUCH = true for system_i. (constraint file  auto generated constraint, line ).
Applied set_property DONT_TOUCH = true for system_i/axi_gpio_0. (constraint file  auto generated constraint, line ).
Applied set_property DONT_TOUCH = true for system_i/processing_system7_0. (constraint file  auto generated constraint, line ).
Applied set_property DONT_TOUCH = true for system_i/ps7_0_axi_periph. (constraint file  auto generated constraint, line ).
Applied set_property DONT_TOUCH = true for system_i/ps7_0_axi_periph/s00_couplers/auto_pc. (constraint file  auto generated constraint, line ).
Applied set_property DONT_TOUCH = true for system_i/rst_ps7_0_50M. (constraint file  auto generated constraint, line ).
---------------------------------------------------------------------------------
Finished applying 'set_property' XDC Constraints : Time (s): cpu = 00:01:18 ; elapsed = 00:02:15 . Memory (MB): peak = 1575.000 ; gain = 388.508 ; free physical = 144 ; free virtual = 1948
---------------------------------------------------------------------------------
---------------------------------------------------------------------------------
Finished RTL Optimization Phase 2 : Time (s): cpu = 00:01:18 ; elapsed = 00:02:15 . Memory (MB): peak = 1575.000 ; gain = 388.508 ; free physical = 144 ; free virtual = 1948
---------------------------------------------------------------------------------

Report RTL Partitions: 
+-+--------------+------------+----------+
| |RTL Partition |Replication |Instances |
+-+--------------+------------+----------+
+-+--------------+------------+----------+
---------------------------------------------------------------------------------
Start RTL Component Statistics 
---------------------------------------------------------------------------------
Detailed RTL Component Info : 
---------------------------------------------------------------------------------
Finished RTL Component Statistics 
---------------------------------------------------------------------------------
---------------------------------------------------------------------------------
Start RTL Hierarchical Component Statistics 
---------------------------------------------------------------------------------
Hierarchical RTL Component report 
---------------------------------------------------------------------------------
Finished RTL Hierarchical Component Statistics
---------------------------------------------------------------------------------
---------------------------------------------------------------------------------
Start Part Resource Summary
---------------------------------------------------------------------------------
Part Resources:
DSPs: 220 (col length:60)
BRAMs: 280 (col length: RAMB18 60 RAMB36 30)
---------------------------------------------------------------------------------
Finished Part Resource Summary
---------------------------------------------------------------------------------
---------------------------------------------------------------------------------
Start Cross Boundary and Area Optimization
---------------------------------------------------------------------------------
WARNING: [Synth 8-3331] design system_ps7_0_axi_periph_0 has unconnected port ACLK
WARNING: [Synth 8-3331] design system_ps7_0_axi_periph_0 has unconnected port ARESETN
WARNING: [Synth 8-3331] design system_ps7_0_axi_periph_0 has unconnected port M00_ACLK
WARNING: [Synth 8-3331] design system_ps7_0_axi_periph_0 has unconnected port M00_ARESETN
---------------------------------------------------------------------------------
Finished Cross Boundary and Area Optimization : Time (s): cpu = 00:01:19 ; elapsed = 00:02:16 . Memory (MB): peak = 1575.000 ; gain = 388.508 ; free physical = 143 ; free virtual = 1947
---------------------------------------------------------------------------------

Report RTL Partitions: 
+-+--------------+------------+----------+
| |RTL Partition |Replication |Instances |
+-+--------------+------------+----------+
+-+--------------+------------+----------+
---------------------------------------------------------------------------------
Start Applying XDC Timing Constraints
---------------------------------------------------------------------------------
INFO: [Synth 8-5578] Moved timing constraint from pin 'system_i/processing_system7_0/FCLK_CLK0' to pin 'system_i/processing_system7_0/bbstub_FCLK_CLK0/O'
INFO: [Synth 8-5819] Moved 1 constraints on hierarchical pins to their respective driving/loading pins
---------------------------------------------------------------------------------
Finished Applying XDC Timing Constraints : Time (s): cpu = 00:01:39 ; elapsed = 00:02:47 . Memory (MB): peak = 1597.000 ; gain = 410.508 ; free physical = 79 ; free virtual = 1820
---------------------------------------------------------------------------------
---------------------------------------------------------------------------------
Start Timing Optimization
---------------------------------------------------------------------------------
---------------------------------------------------------------------------------
Finished Timing Optimization : Time (s): cpu = 00:01:39 ; elapsed = 00:02:47 . Memory (MB): peak = 1597.000 ; gain = 410.508 ; free physical = 79 ; free virtual = 1820
---------------------------------------------------------------------------------

Report RTL Partitions: 
+-+--------------+------------+----------+
| |RTL Partition |Replication |Instances |
+-+--------------+------------+----------+
+-+--------------+------------+----------+
---------------------------------------------------------------------------------
Start Technology Mapping
---------------------------------------------------------------------------------
---------------------------------------------------------------------------------
Finished Technology Mapping : Time (s): cpu = 00:01:39 ; elapsed = 00:02:48 . Memory (MB): peak = 1607.016 ; gain = 420.523 ; free physical = 78 ; free virtual = 1819
---------------------------------------------------------------------------------

Report RTL Partitions: 
+-+--------------+------------+----------+
| |RTL Partition |Replication |Instances |
+-+--------------+------------+----------+
+-+--------------+------------+----------+
---------------------------------------------------------------------------------
Start IO Insertion
---------------------------------------------------------------------------------
---------------------------------------------------------------------------------
Start Flattening Before IO Insertion
---------------------------------------------------------------------------------
---------------------------------------------------------------------------------
Finished Flattening Before IO Insertion
---------------------------------------------------------------------------------
---------------------------------------------------------------------------------
Start Final Netlist Cleanup
---------------------------------------------------------------------------------
---------------------------------------------------------------------------------
Finished Final Netlist Cleanup
---------------------------------------------------------------------------------
---------------------------------------------------------------------------------
Finished IO Insertion : Time (s): cpu = 00:01:40 ; elapsed = 00:02:50 . Memory (MB): peak = 1607.016 ; gain = 420.523 ; free physical = 78 ; free virtual = 1820
---------------------------------------------------------------------------------

Report Check Netlist: 
+------+------------------+-------+---------+-------+------------------+
|      |Item              |Errors |Warnings |Status |Description       |
+------+------------------+-------+---------+-------+------------------+
|1     |multi_driven_nets |      0|        0|Passed |Multi driven nets |
+------+------------------+-------+---------+-------+------------------+
---------------------------------------------------------------------------------
Start Renaming Generated Instances
---------------------------------------------------------------------------------
---------------------------------------------------------------------------------
Finished Renaming Generated Instances : Time (s): cpu = 00:01:40 ; elapsed = 00:02:50 . Memory (MB): peak = 1607.016 ; gain = 420.523 ; free physical = 78 ; free virtual = 1820
---------------------------------------------------------------------------------

Report RTL Partitions: 
+-+--------------+------------+----------+
| |RTL Partition |Replication |Instances |
+-+--------------+------------+----------+
+-+--------------+------------+----------+
---------------------------------------------------------------------------------
Start Rebuilding User Hierarchy
---------------------------------------------------------------------------------
---------------------------------------------------------------------------------
Finished Rebuilding User Hierarchy : Time (s): cpu = 00:01:41 ; elapsed = 00:02:50 . Memory (MB): peak = 1607.016 ; gain = 420.523 ; free physical = 77 ; free virtual = 1819
---------------------------------------------------------------------------------
---------------------------------------------------------------------------------
Start Renaming Generated Ports
---------------------------------------------------------------------------------
---------------------------------------------------------------------------------
Finished Renaming Generated Ports : Time (s): cpu = 00:01:41 ; elapsed = 00:02:50 . Memory (MB): peak = 1607.016 ; gain = 420.523 ; free physical = 77 ; free virtual = 1819
---------------------------------------------------------------------------------
---------------------------------------------------------------------------------
Start Handling Custom Attributes
---------------------------------------------------------------------------------
---------------------------------------------------------------------------------
Finished Handling Custom Attributes : Time (s): cpu = 00:01:41 ; elapsed = 00:02:50 . Memory (MB): peak = 1607.016 ; gain = 420.523 ; free physical = 77 ; free virtual = 1819
---------------------------------------------------------------------------------
---------------------------------------------------------------------------------
Start Renaming Generated Nets
---------------------------------------------------------------------------------
---------------------------------------------------------------------------------
Finished Renaming Generated Nets : Time (s): cpu = 00:01:41 ; elapsed = 00:02:50 . Memory (MB): peak = 1607.016 ; gain = 420.523 ; free physical = 77 ; free virtual = 1819
---------------------------------------------------------------------------------
---------------------------------------------------------------------------------
Start Writing Synthesis Report
---------------------------------------------------------------------------------

Report BlackBoxes: 
+------+------------------------------+----------+
|      |BlackBox name                 |Instances |
+------+------------------------------+----------+
|1     |system_auto_pc_0              |         1|
|2     |system_axi_gpio_0_0           |         1|
|3     |system_processing_system7_0_0 |         1|
|4     |system_rst_ps7_0_50M_0        |         1|
+------+------------------------------+----------+

Report Cell Usage: 
+------+-------------------------------------+------+
|      |Cell                                 |Count |
+------+-------------------------------------+------+
|1     |system_auto_pc_0_bbox_2              |     1|
|2     |system_axi_gpio_0_0_bbox_0           |     1|
|3     |system_processing_system7_0_0_bbox_1 |     1|
|4     |system_rst_ps7_0_50M_0_bbox_3        |     1|
|5     |IBUF                                 |     8|
+------+-------------------------------------+------+

Report Instance Areas: 
+------+---------------------+--------------------------+------+
|      |Instance             |Module                    |Cells |
+------+---------------------+--------------------------+------+
|1     |top                  |                          |   419|
|2     |  system_i           |system                    |   411|
|3     |    ps7_0_axi_periph |system_ps7_0_axi_periph_0 |   177|
|4     |      s00_couplers   |s00_couplers_imp_11SE3QO  |   177|
+------+---------------------+--------------------------+------+
---------------------------------------------------------------------------------
Finished Writing Synthesis Report : Time (s): cpu = 00:01:41 ; elapsed = 00:02:50 . Memory (MB): peak = 1607.016 ; gain = 420.523 ; free physical = 77 ; free virtual = 1819
---------------------------------------------------------------------------------
Synthesis finished with 0 errors, 0 critical warnings and 4 warnings.
Synthesis Optimization Runtime : Time (s): cpu = 00:01:10 ; elapsed = 00:01:34 . Memory (MB): peak = 1607.016 ; gain = 160.539 ; free physical = 135 ; free virtual = 1878
Synthesis Optimization Complete : Time (s): cpu = 00:01:41 ; elapsed = 00:02:50 . Memory (MB): peak = 1607.023 ; gain = 420.523 ; free physical = 135 ; free virtual = 1878
INFO: [Project 1-571] Translating synthesized netlist
INFO: [Netlist 29-17] Analyzing 8 Unisim elements for replacement
INFO: [Netlist 29-28] Unisim Transformation completed in 0 CPU seconds
INFO: [Project 1-570] Preparing netlist for logic optimization
INFO: [Opt 31-138] Pushed 0 inverter(s) to 0 load pin(s).
INFO: [Project 1-111] Unisim Transformation Summary:
No Unisim elements were transformed.

INFO: [Common 17-83] Releasing license: Synthesis
33 Infos, 9 Warnings, 0 Critical Warnings and 0 Errors encountered.
synth_design completed successfully
synth_design: Time (s): cpu = 00:01:52 ; elapsed = 00:03:06 . Memory (MB): peak = 1612.016 ; gain = 450.355 ; free physical = 114 ; free virtual = 1860
INFO: [Common 17-1381] The checkpoint '/home/ldis/ES/task_1/task_1.runs/synth_1/system_wrapper.dcp' has been generated.
INFO: [runtcl-4] Executing : report_utilization -file system_wrapper_utilization_synth.rpt -pb system_wrapper_utilization_synth.pb
report_utilization: Time (s): cpu = 00:00:00.13 ; elapsed = 00:00:00.81 . Memory (MB): peak = 1628.023 ; gain = 0.000 ; free physical = 109 ; free virtual = 1861
INFO: [Common 17-206] Exiting Vivado at Sun May 27 21:32:03 2018...
